
> unifystudy@1.0.0 type-check
> tsc

src/components/ui/Button.test.tsx(8,42): error TS2339: Property 'toBeInTheDocument' does not exist on type 'Assertion<HTMLElement>'.
src/components/ui/Button.test.tsx(13,40): error TS2339: Property 'toBeDisabled' does not exist on type 'Assertion<HTMLElement>'.
src/components/ui/Button.test.tsx(15,73): error TS2339: Property 'toBeInTheDocument' does not exist on type 'Assertion<Element | null>'.
src/components/ui/Button.test.tsx(20,40): error TS2339: Property 'toHaveClass' does not exist on type 'Assertion<HTMLElement>'.
src/components/ui/Input.test.tsx(8,55): error TS2339: Property 'toBeInTheDocument' does not exist on type 'Assertion<HTMLElement>'.
src/components/ui/Input.test.tsx(13,47): error TS2339: Property 'toBeInTheDocument' does not exist on type 'Assertion<HTMLElement>'.
src/components/ui/Input.test.tsx(18,47): error TS2339: Property 'toBeInTheDocument' does not exist on type 'Assertion<HTMLElement>'.
src/features/auth/signUp/AuthWrapper.tsx(4,24): error TS7031: Binding element 'onSuccess' implicitly has an 'any' type.
